<?xml version="1.0" encoding="utf-8"?><testsuites name="pytest tests"><testsuite name="pytest" errors="0" failures="0" skipped="0" tests="23" time="33.770" timestamp="2026-05-08T10:30:23.664720+00:00" hostname="agent-env-0850122f-7c68-4c15-8865-f1169a5b7d56"><testcase classname="tests.test_ape_ai.TestApe" name="test_01_list_ape" time="0.505" /><testcase classname="tests.test_ape_ai.TestApe" name="test_02_stats_dashboard" time="0.133" /><testcase classname="tests.test_ape_ai.TestApe" name="test_03_create_ape" time="0.257" /><testcase classname="tests.test_ape_ai.TestApe" name="test_04_get_ape" time="0.105" /><testcase classname="tests.test_ape_ai.TestApe" name="test_05_update_ape" time="0.125" /><testcase classname="tests.test_ape_ai.TestApe" name="test_06_rimanda_scadenza" time="0.109" /><testcase classname="tests.test_ape_ai.TestApe" name="test_07_in_scadenza" time="0.109" /><testcase classname="tests.test_ape_ai.TestApe" name="test_08_scaduti" time="0.110" /><testcase classname="tests.test_ape_ai.TestApe" name="test_09_by_unita" time="0.101" /><testcase classname="tests.test_ape_ai.TestApe" name="test_10_upload_ape_file" time="0.242" /><testcase classname="tests.test_ape_ai.TestApe" name="test_11_replace_file" time="0.109" /><testcase classname="tests.test_ape_ai.TestApe" name="test_99_delete_ape" time="0.107" /><testcase classname="tests.test_ape_ai.TestAi" name="test_01_get_config" time="0.103" /><testcase classname="tests.test_ape_ai.TestAi" name="test_02_update_config_to_openai" time="0.107" /><testcase classname="tests.test_ape_ai.TestAi" name="test_03_test_connection" time="2.198" /><testcase classname="tests.test_ape_ai.TestAi" name="test_04_chat_new_session" time="0.698" /><testcase classname="tests.test_ape_ai.TestAi" name="test_05_chat_multi_turn" time="1.424" /><testcase classname="tests.test_ape_ai.TestAi" name="test_06_list_sessions" time="0.111" /><testcase classname="tests.test_ape_ai.TestAi" name="test_07_session_messages" time="0.115" /><testcase classname="tests.test_ape_ai.TestAi" name="test_08_chat_with_context" time="1.181" /><testcase classname="tests.test_ape_ai.TestAi" name="test_09_generate_email_sollecito" time="4.121" /><testcase classname="tests.test_ape_ai.TestAi" name="test_10_suggest_globale" time="21.521" /><testcase classname="tests.test_ape_ai.TestAi" name="test_11_delete_session" time="0.126" /></testsuite></testsuites>