<?xml version="1.0" encoding="utf-8"?><testsuites name="pytest tests"><testsuite name="pytest" errors="0" failures="0" skipped="0" tests="15" time="20.505" timestamp="2026-05-08T15:31:18.124190+00:00" hostname="agent-env-23c3f5d8-6a23-40db-a5c9-8a11e1b91184"><testcase classname="tests.test_brief" name="test_get_config_default" time="0.826" /><testcase classname="tests.test_brief" name="test_put_config_updates_and_persists" time="0.361" /><testcase classname="tests.test_brief" name="test_put_config_partial_update" time="0.151" /><testcase classname="tests.test_brief" name="test_put_config_invalid_email" time="0.209" /><testcase classname="tests.test_brief" name="test_preview_returns_html_text_stats" time="8.761" /><testcase classname="tests.test_brief" name="test_send_now_no_recipients_returns_400" time="0.386" /><testcase classname="tests.test_brief" name="test_send_now_smtp_not_configured_returns_error_status" time="7.695" /><testcase classname="tests.test_brief" name="test_celery_task_registered" time="0.592" /><testcase classname="tests.test_brief" name="test_regression_existing_endpoints[/auth/me]" time="0.151" /><testcase classname="tests.test_brief" name="test_regression_existing_endpoints[/immobili]" time="0.150" /><testcase classname="tests.test_brief" name="test_regression_existing_endpoints[/contratti]" time="0.236" /><testcase classname="tests.test_brief" name="test_regression_existing_endpoints[/soggetti]" time="0.193" /><testcase classname="tests.test_brief" name="test_regression_existing_endpoints[/ape]" time="0.156" /><testcase classname="tests.test_brief" name="test_regression_existing_endpoints[/audit]" time="0.167" /><testcase classname="tests.test_brief" name="test_regression_existing_endpoints[/reports/executive]" time="0.276" /></testsuite></testsuites>