<?xml version="1.0" encoding="utf-8"?><testsuites name="pytest tests"><testsuite name="pytest" errors="0" failures="0" skipped="1" tests="13" time="4.846" timestamp="2026-05-08T12:46:29.701511+00:00" hostname="agent-env-23c3f5d8-6a23-40db-a5c9-8a11e1b91184"><testcase classname="backend.tests.test_iteration5" name="test_get_me_baseline" time="0.542" /><testcase classname="backend.tests.test_iteration5" name="test_put_me_update_nome" time="0.506" /><testcase classname="backend.tests.test_iteration5" name="test_put_me_email_already_in_use" time="0.130"><skipped type="pytest.skip" message="No /utenti endpoint to find a second user (got 404)">/app/backend/tests/test_iteration5.py:66: No /utenti endpoint to find a second user (got 404)</skipped></testcase><testcase classname="backend.tests.test_iteration5" name="test_put_me_same_email_ok" time="0.146" /><testcase classname="backend.tests.test_iteration5" name="test_change_password_wrong_current" time="0.334" /><testcase classname="backend.tests.test_iteration5" name="test_change_password_happy_path" time="1.794" /><testcase classname="backend.tests.test_iteration5" name="test_report_pagamenti_csv" time="0.177" /><testcase classname="backend.tests.test_iteration5" name="test_report_executive" time="0.144" /><testcase classname="backend.tests.test_iteration5" name="test_audit_log_list" time="0.275" /><testcase classname="backend.tests.test_iteration5" name="test_soggetti_list" time="0.127" /><testcase classname="backend.tests.test_iteration5" name="test_contratti_list" time="0.106" /><testcase classname="backend.tests.test_iteration5" name="test_contratto_detail" time="0.255" /><testcase classname="backend.tests.test_iteration5" name="test_soggetto_detail" time="0.248" /></testsuite></testsuites>