<?xml version="1.0" encoding="utf-8"?><testsuites name="pytest tests"><testsuite name="pytest" errors="0" failures="0" skipped="1" tests="18" time="41.379" timestamp="2026-05-08T10:55:11.055961+00:00" hostname="agent-env-0850122f-7c68-4c15-8865-f1169a5b7d56"><testcase classname="tests.test_p1_features.TestReports" name="test_reports_status_pdf_available" time="0.611" /><testcase classname="tests.test_p1_features.TestReports" name="test_contratto_pdf_generation" time="0.449" /><testcase classname="tests.test_p1_features.TestReports" name="test_verbale_pdf_generation" time="0.101"><skipped type="pytest.skip" message="No verbali in DB">/app/backend/tests/test_p1_features.py:61: No verbali in DB</skipped></testcase><testcase classname="tests.test_p1_features.TestApeCheckTask" name="test_check_ape_scadenza_callable" time="0.123" /><testcase classname="tests.test_p1_features.TestApeCheckTask" name="test_beat_schedule_has_ape" time="0.000" /><testcase classname="tests.test_p1_features.TestApeCheckTask" name="test_check_ape_marks_expired" time="19.553" /><testcase classname="tests.test_p1_features.TestTriggerCheck" name="test_trigger_check_ape" time="19.201" /><testcase classname="tests.test_p1_features.TestRegressionEndpoints" name="test_get_endpoint_ok[/verbali]" time="0.170" /><testcase classname="tests.test_p1_features.TestRegressionEndpoints" name="test_get_endpoint_ok[/documenti]" time="0.110" /><testcase classname="tests.test_p1_features.TestRegressionEndpoints" name="test_get_endpoint_ok[/interventi]" time="0.107" /><testcase classname="tests.test_p1_features.TestRegressionEndpoints" name="test_get_endpoint_ok[/immobili]" time="0.117" /><testcase classname="tests.test_p1_features.TestRegressionEndpoints" name="test_get_endpoint_ok[/unita]" time="0.121" /><testcase classname="tests.test_p1_features.TestRegressionEndpoints" name="test_get_endpoint_ok[/soggetti]" time="0.105" /><testcase classname="tests.test_p1_features.TestRegressionEndpoints" name="test_get_endpoint_ok[/contratti]" time="0.109" /><testcase classname="tests.test_p1_features.TestRegressionEndpoints" name="test_get_endpoint_ok[/notifiche]" time="0.106" /><testcase classname="tests.test_p1_features.TestRegressionEndpoints" name="test_get_endpoint_ok[/ape]" time="0.118" /><testcase classname="tests.test_p1_features.TestRegressionEndpoints" name="test_get_endpoint_ok[/ai/config]" time="0.111" /><testcase classname="tests.test_p1_features.TestRegressionEndpoints" name="test_documenti_in_scadenza_filter" time="0.115" /></testsuite></testsuites>