<?xml version="1.0" encoding="utf-8"?><testsuites name="pytest tests"><testsuite name="pytest" errors="0" failures="0" skipped="0" tests="22" time="22.338" timestamp="2026-01-21T11:06:16.006140+00:00" hostname="agent-env-90eeae33-3dc9-4743-abde-5b857a814a18"><testcase classname="tests.test_estatewise_p0.TestHealthAndAuth" name="test_health_check" time="0.082" /><testcase classname="tests.test_estatewise_p0.TestHealthAndAuth" name="test_login_success" time="0.266" /><testcase classname="tests.test_estatewise_p0.TestHealthAndAuth" name="test_login_invalid_credentials" time="0.012" /><testcase classname="tests.test_estatewise_p0.TestNotificheP0" name="test_trigger_notification_check" time="19.338" /><testcase classname="tests.test_estatewise_p0.TestNotificheP0" name="test_get_notifiche_list" time="0.054" /><testcase classname="tests.test_estatewise_p0.TestNotificheP0" name="test_get_notifiche_stats" time="0.044" /><testcase classname="tests.test_estatewise_p0.TestNotificheP0" name="test_notifiche_filter_by_stato" time="0.122" /><testcase classname="tests.test_estatewise_p0.TestMappaP0" name="test_get_map_markers" time="0.308" /><testcase classname="tests.test_estatewise_p0.TestMappaP0" name="test_get_map_bounds" time="0.043" /><testcase classname="tests.test_estatewise_p0.TestMappaP0" name="test_markers_have_different_coordinates" time="0.047" /><testcase classname="tests.test_estatewise_p0.TestContrattoWizardP0" name="test_get_unita_disponibili" time="0.344" /><testcase classname="tests.test_estatewise_p0.TestContrattoWizardP0" name="test_get_soggetti" time="0.038" /><testcase classname="tests.test_estatewise_p0.TestContrattoWizardP0" name="test_get_contratti_list" time="0.044" /><testcase classname="tests.test_estatewise_p0.TestContrattoWizardP0" name="test_get_contratto_rate" time="0.084" /><testcase classname="tests.test_estatewise_p0.TestPagamentiP0" name="test_get_rate_list" time="0.311" /><testcase classname="tests.test_estatewise_p0.TestPagamentiP0" name="test_get_rate_stats" time="0.038" /><testcase classname="tests.test_estatewise_p0.TestPagamentiP0" name="test_incassa_rata" time="0.138" /><testcase classname="tests.test_estatewise_p0.TestPagamentiP0" name="test_filter_rate_by_stato" time="0.130" /><testcase classname="tests.test_estatewise_p0.TestDashboardAPIs" name="test_dashboard_overview" time="0.309" /><testcase classname="tests.test_estatewise_p0.TestDashboardAPIs" name="test_dashboard_rate_ritardo" time="0.039" /><testcase classname="tests.test_estatewise_p0.TestImmobiliAPIs" name="test_get_immobili" time="0.303" /><testcase classname="tests.test_estatewise_p0.TestImmobiliAPIs" name="test_get_unita" time="0.037" /></testsuite></testsuites>